(Loading C:\Strawberry\perl\site\lib\LaTeXML\Package\TeX.pool.ltxml...
(Loading C:\Strawberry\perl\site\lib\LaTeXML\Package\eTeX.pool.ltxml... 0.01 sec)
(Loading C:\Strawberry\perl\site\lib\LaTeXML\Package\pdfTeX.pool.ltxml... 0.01 sec) 0.22 sec)
latexmlc (LaTeXML version 0.8.8)
invoked as [C:\Strawberry\perl\site\bin/latexmlc D:\Math\11o paper(Cubic)\Cubic.tex --dest D:\GH\Cubic.html]
processing started Sun Jun  7 23:29:26 2026
(Digesting TeX Cubic...
(Processing content D:\Math\11o paper(Cubic)\Cubic.tex...
(Loading C:\Strawberry\perl\site\lib\LaTeXML\Package\LaTeX.pool.ltxml...
(Loading C:\Strawberry\perl\site\lib\LaTeXML\Package\textcomp.sty.ltxml...
(Processing definitions C:/Program Files/MiKTeX/tex/latex/base/ts1enc.dfu... 0.03 sec) 1.40 sec) 1.72 sec)
(Loading C:\Strawberry\perl\site\lib\LaTeXML\Package\article.cls.ltxml... 0.02 sec)
(Loading C:\Strawberry\perl\site\lib\LaTeXML\Package\xcolor.sty.ltxml...
(Loading C:\Strawberry\perl\site\lib\LaTeXML\Package\color.sty.ltxml... 0.01 sec)
(Processing definitions C:/Program Files/MiKTeX/tex/latex/graphics/dvipsnam.def... 0.12 sec) 0.84 sec)
(Loading C:\Strawberry\perl\site\lib\LaTeXML\Package\amsmath.sty.ltxml...
(Loading C:\Strawberry\perl\site\lib\LaTeXML\Package\amsbsy.sty.ltxml...
(Loading C:\Strawberry\perl\site\lib\LaTeXML\Package\amsgen.sty.ltxml... 0.01 sec) 0.01 sec)
(Loading C:\Strawberry\perl\site\lib\LaTeXML\Package\amstext.sty.ltxml... 0.01 sec)
(Loading C:\Strawberry\perl\site\lib\LaTeXML\Package\amsopn.sty.ltxml... 0.01 sec) 0.10 sec)
(Loading C:\Strawberry\perl\site\lib\LaTeXML\Package\setspace.sty.ltxml... 0.00 sec)
(Loading C:\Strawberry\perl\site\lib\LaTeXML\Package\bm.sty.ltxml... 0.00 sec)
(Loading C:\Strawberry\perl\site\lib\LaTeXML\Package\bbm.sty.ltxml... 0.00 sec)
(Loading C:\Strawberry\perl\site\lib\LaTeXML\Package\amssymb.sty.ltxml...
(Loading C:\Strawberry\perl\site\lib\LaTeXML\Package\amsfonts.sty.ltxml... 0.00 sec) 0.03 sec)
(Loading C:\Strawberry\perl\site\lib\LaTeXML\Package\indentfirst.sty.ltxml... 0.00 sec)
(Loading C:\Strawberry\perl\site\lib\LaTeXML\Package\cite.sty.ltxml... 0.00 sec)
(Loading C:\Strawberry\perl\site\lib\LaTeXML\Package\geometry.sty.ltxml...
(Loading C:\Strawberry\perl\site\lib\LaTeXML\Package\keyval.sty.ltxml...
(Processing definitions C:/Program Files/MiKTeX/tex/latex/graphics/keyval.sty... 0.02 sec) 0.55 sec)
(Loading C:\Strawberry\perl\site\lib\LaTeXML\Package\ifpdf.sty.ltxml... 0.00 sec)
(Loading C:\Strawberry\perl\site\lib\LaTeXML\Package\ifvtex.sty.ltxml...
(Loading C:\Strawberry\perl\site\lib\LaTeXML\Package\iftex.sty.ltxml... 0.01 sec) 0.01 sec)
(Loading C:\Strawberry\perl\site\lib\LaTeXML\Package\ifxetex.sty.ltxml... 0.00 sec) 0.60 sec)
(Loading C:\Strawberry\perl\site\lib\LaTeXML\Package\mathtools.sty.ltxml...
(Loading C:\Strawberry\perl\site\lib\LaTeXML\Package\calc.sty.ltxml... 0.00 sec) 0.06 sec)
(Loading C:\Strawberry\perl\site\lib\LaTeXML\Package\natbib.sty.ltxml... 0.03 sec)
(Loading C:\Strawberry\perl\site\lib\LaTeXML\Package\graphicx.sty.ltxml...
(Loading C:\Strawberry\perl\site\lib\LaTeXML\Package\graphics.sty.ltxml... 0.01 sec) 0.04 sec) 4.25 sec) 4.26 sec)
(Building...
(Loading compiled schema C:\Strawberry\perl\site\lib\LaTeXML\resources/RelaxNG\LaTeXML.model... 0.02 sec) 0.92 sec)
(Rewriting... 0.02 sec)
(Math Parsing 22 formulae ...... 0.81 sec)
Math parsing succeeded:
   ltx:XMArg: 59/59
   ltx:XMath: 22/22
   ltx:XMWrap: 0/2
Symbols assumed as simple identifiers (with # of occurences):
   'Delta' (8), 'a{italic}' (17), 'b{italic}' (13), 'c{italic}' (12), 'delta' (12), 'd{italic}' (7), 'm{italic}' (11), 'pi' (15), 'xi' (4), 'x{italic}' (5)
Set MATHPARSER_SPECULATE to speculate on possible notations.
(Finalizing... 0.08 sec)
Conversion complete: No obvious problems
(post-processing...
(Scan Cubic.html processing...
Scan: DBStatus: 80/0 objects
 0.03 sec)
(MakeBibliography Cubic.html processing... 0.00 sec)
(CrossRef Cubic.html processing... 0.02 sec)
(MathML::Presentation Cubic.html 22 to process...
converted 22 Maths
 0.15 sec)
(XSLT[using LaTeXML-html5.xsl] Cubic.html processing... 0.02 sec)
(Writer Cubic.html processing... -0.00 sec) 0.22 sec)
Post-processing complete: No obvious problems
processing finished Sun Jun  7 23:29:33 2026
Status:conversion:0
